[14:19:12] [Client thread/ERROR]: Can't find the resource index file: assets\indexes\1.8.json
[14:19:12] [Client thread/INFO]: Setting user: Player78
[14:19:12] [Client thread/INFO]: (Session ID is token:0:Player78)
[14:19:14] [Client thread/INFO]: Logging in with username & password
[14:19:14] [Client thread/INFO]: LWJGL Version: 2.9.4
[14:19:15] [Client thread/INFO]: Reloading ResourceManager: Default
[14:19:16] [Sound Library Loader/INFO]: Starting up SoundSystem...
[14:19:16] [Thread-9/INFO]: Initializing LWJGL OpenAL
[14:19:16] [Thread-9/INFO]: (The LWJGL binding of OpenAL.  For more information, see http://www.lwjgl.org)
[14:19:16] [Thread-9/INFO]: OpenAL initialized.
[14:19:17] [Sound Library Loader/INFO]: Sound engine started
[14:19:18] [Client thread/INFO]: Created: 512x512 textures-atlas
[14:19:24] [Client thread/WARN]: Unable to play unknown soundEvent: minecraft:music.menu
[14:19:25] [Client thread/WARN]: Unable to play unknown soundEvent: minecraft:gui.button.press
[14:19:26] [Server thread/INFO]: Starting integrated minecraft server version 1.8.8
[14:19:26] [Server thread/INFO]: Generating keypair
[14:19:26] [Server thread/INFO]: Preparing start region for level 0
[14:19:27] [Server thread/INFO]: Changing view distance to 2, from 10
[14:19:27] [Server thread/INFO]: __DayTrip__[local:E:1e24405d] logged in with entity id 11 at (-450.0, 4.0, 1030.0)
[14:19:27] [Server thread/INFO]: __DayTrip__ joined the game
[14:19:28] [Client thread/WARN]: Unable to play unknown soundEvent: minecraft:random.orb
[14:19:29] [Client thread/WARN]: Unable to play unknown soundEvent: minecraft:random.orb
[14:19:30] [Client thread/WARN]: Unable to play unknown soundEvent: minecraft:liquid.lava
[14:19:32] [Client thread/WARN]: Unable to play unknown soundEvent: minecraft:random.orb
[14:19:32] [Client thread/WARN]: Unable to play unknown soundEvent: minecraft:music.game.creative
[14:19:33] [Client thread/WARN]: Unable to play unknown soundEvent: minecraft:liquid.lavapop
[14:19:35] [Client thread/INFO]: 8
[14:19:35] [Client thread/INFO]: 8
[14:19:36] [Client thread/WARN]: Unable to play unknown soundEvent: minecraft:liquid.lavapop
[14:19:36] [Client thread/INFO]: 2
[14:19:37] [Client thread/INFO]: 2
[14:19:37] [Client thread/INFO]: [CHAT] [Sunrise Client]: Enabled hack Auto Fighter! (Keybind: P)
[14:19:37] [Client thread/INFO]: true
[14:19:37] [Client thread/INFO]: 25
[14:19:37] [Client thread/INFO]: 25
[14:19:38] [Client thread/WARN]: Unable to play unknown soundEvent: minecraft:step.grass
[14:19:38] [Client thread/WARN]: Unable to play unknown soundEvent: minecraft:step.grass
[14:19:39] [Client thread/WARN]: Unable to play unknown soundEvent: minecraft:step.grass
[14:19:39] [Client thread/INFO]: 1
[14:19:39] [Client thread/WARN]: Unable to play unknown soundEvent: minecraft:step.grass
[14:19:42] [Client thread/INFO]: 57
[14:19:42] [Client thread/INFO]: 57
[14:19:42] [Client thread/INFO]: 57
[14:19:42] [Client thread/INFO]: 17
[14:19:42] [Client thread/INFO]: 57
[14:19:43] [Client thread/WARN]: Unable to play unknown soundEvent: minecraft:liquid.lavapop
[14:19:43] [Client thread/WARN]: Unable to play unknown soundEvent: minecraft:step.grass
[14:19:43] [Client thread/WARN]: Unable to play unknown soundEvent: minecraft:step.grass
[14:19:44] [Client thread/INFO]: 17
[14:19:44] [Client thread/WARN]: Unable to play unknown soundEvent: minecraft:step.grass
[14:19:44] [Client thread/INFO]: 17
[14:19:44] [Client thread/WARN]: Unable to play unknown soundEvent: minecraft:step.grass
[14:19:45] [Client thread/INFO]: 17
[14:19:45] [Client thread/INFO]: 8
[14:19:45] [Client thread/INFO]: 8
[14:19:45] [Client thread/INFO]: 31
[14:19:45] [Client thread/WARN]: Unable to play unknown soundEvent: minecraft:step.grass
[14:19:45] [Client thread/WARN]: Unable to play unknown soundEvent: minecraft:liquid.lavapop
[14:19:46] [Client thread/INFO]: 31
[14:19:46] [Client thread/INFO]: 2
[14:19:46] [Client thread/INFO]: 2
[14:19:46] [Client thread/WARN]: Unable to play unknown soundEvent: minecraft:liquid.lava
[14:19:47] [Client thread/WARN]: Unable to play unknown soundEvent: minecraft:step.grass
[14:19:48] [Client thread/WARN]: Unable to play unknown soundEvent: minecraft:step.grass
[14:19:48] [Client thread/INFO]: 1
[14:19:48] [Client thread/WARN]: Unable to play unknown soundEvent: minecraft:step.grass
[14:19:48] [Client thread/WARN]: Unable to play unknown soundEvent: minecraft:liquid.lava
[14:19:48] [Client thread/WARN]: Unable to play unknown soundEvent: minecraft:step.grass
[14:19:48] [Client thread/WARN]: Unable to play unknown soundEvent: minecraft:step.grass
[14:19:48] [Client thread/INFO]: 1
[14:19:48] [Server thread/INFO]: Saving and pausing game...
[14:19:48] [Server thread/INFO]: Saving chunks for level 'surperflat'/Overworld
[14:19:49] [Server thread/INFO]: Saving chunks for level 'surperflat'/Nether
[14:19:49] [Server thread/INFO]: Saving chunks for level 'surperflat'/The End
[14:20:06] [Client thread/INFO]: 1
[14:20:06] [Client thread/INFO]: 57
[14:20:06] [Client thread/INFO]: 57
[14:20:06] [Client thread/INFO]: 57
[14:20:06] [Client thread/INFO]: 17
[14:20:06] [Client thread/INFO]: 57
[14:20:07] [Client thread/INFO]: 17
[14:20:07] [Client thread/INFO]: 57
[14:20:07] [Client thread/INFO]: 57
[14:20:07] [Client thread/INFO]: 57
[14:20:07] [Client thread/INFO]: 57
[14:20:07] [Client thread/INFO]: 17
[14:20:08] [Client thread/WARN]: Unable to play unknown soundEvent: minecraft:step.grass
[14:20:08] [Client thread/INFO]: 17
[14:20:08] [Client thread/WARN]: Unable to play unknown soundEvent: minecraft:step.grass
[14:20:08] [Client thread/INFO]: 17
[14:20:08] [Client thread/INFO]: 57
[14:20:08] [Client thread/INFO]: 17
[14:20:08] [Client thread/INFO]: 57
[14:20:08] [Client thread/INFO]: 57
[14:20:08] [Client thread/INFO]: 57
[14:20:09] [Client thread/INFO]: 17
[14:20:09] [Client thread/INFO]: 17
[14:20:09] [Client thread/WARN]: Unable to play unknown soundEvent: minecraft:liquid.lavapop
[14:20:09] [Client thread/INFO]: 57
[14:20:09] [Client thread/INFO]: 57
[14:20:09] [Client thread/INFO]: 57
[14:20:09] [Client thread/INFO]: 57
[14:20:10] [Client thread/WARN]: Unable to play unknown soundEvent: minecraft:step.grass
[14:20:10] [Client thread/WARN]: Unable to play unknown soundEvent: minecraft:liquid.lavapop
[14:20:10] [Client thread/WARN]: Unable to play unknown soundEvent: minecraft:step.grass
[14:20:10] [Client thread/WARN]: Unable to play unknown soundEvent: minecraft:random.pop
[14:20:10] [Client thread/WARN]: Unable to play unknown soundEvent: minecraft:random.pop
[14:20:11] [Client thread/WARN]: Unable to play unknown soundEvent: minecraft:liquid.lavapop
[14:20:11] [Client thread/INFO]: 17
[14:20:11] [Client thread/WARN]: Unable to play unknown soundEvent: minecraft:random.orb
[14:20:11] [Client thread/INFO]: 17
[14:20:12] [Client thread/WARN]: Unable to play unknown soundEvent: minecraft:step.gravel
[14:20:12] [Client thread/INFO]: 17
[14:20:12] [Client thread/INFO]: 17
[14:20:12] [Client thread/WARN]: Unable to play unknown soundEvent: minecraft:liquid.lava
[14:20:13] [Client thread/INFO]: 17
[14:20:13] [Client thread/WARN]: Unable to play unknown soundEvent: minecraft:step.gravel
[14:20:13] [Client thread/WARN]: Unable to play unknown soundEvent: minecraft:liquid.lavapop
[14:20:13] [Client thread/INFO]: 17
[14:20:16] [Client thread/INFO]: 42
[14:20:16] [Client thread/INFO]: 17
[14:20:17] [Client thread/INFO]: 17
[14:20:18] [Client thread/INFO]: 31
[14:20:19] [Client thread/INFO]: 31
[14:20:19] [Client thread/INFO]: 42
[14:20:19] [Client thread/WARN]: Unable to play unknown soundEvent: minecraft:liquid.lavapop
[14:20:20] [Client thread/WARN]: Unable to play unknown soundEvent: minecraft:liquid.lava
[14:20:20] [Client thread/INFO]: 42
[14:20:20] [Client thread/INFO]: 17
[14:20:21] [Client thread/INFO]: 17
[14:20:21] [Client thread/INFO]: 17
[14:20:22] [Client thread/INFO]: 42
[14:20:22] [Client thread/INFO]: 17
[14:20:22] [Client thread/INFO]: 57
[14:20:22] [Client thread/INFO]: 57
[14:20:22] [Client thread/INFO]: 57
[14:20:23] [Client thread/INFO]: 57
[14:20:23] [Client thread/INFO]: 57
[14:20:23] [Client thread/INFO]: 31
[14:20:23] [Client thread/INFO]: 31
[14:20:23] [Client thread/INFO]: 57
[14:20:24] [Client thread/INFO]: 17
[14:20:24] [Client thread/INFO]: 17
[14:20:24] [Client thread/INFO]: 57
[14:20:25] [Client thread/INFO]: 57
[14:20:25] [Client thread/INFO]: 31
[14:20:25] [Client thread/INFO]: 31
[14:20:27] [Client thread/INFO]: 42
[14:20:27] [Client thread/INFO]: 42
[14:20:28] [Client thread/INFO]: 31
[14:20:28] [Client thread/INFO]: 31
[14:20:28] [Client thread/INFO]: 42
[14:20:28] [Client thread/INFO]: 42
[14:20:29] [Client thread/INFO]: 31
[14:20:29] [Client thread/WARN]: Unable to play unknown soundEvent: minecraft:step.gravel
[14:20:29] [Client thread/INFO]: 31
[14:20:29] [Client thread/INFO]: 31
[14:20:30] [Client thread/INFO]: 31
[14:20:30] [Client thread/INFO]: 17
[14:20:30] [Client thread/INFO]: 17
[14:20:31] [Client thread/WARN]: Unable to play unknown soundEvent: minecraft:liquid.lavapop
[14:20:31] [Client thread/INFO]: 30
[14:20:31] [Client thread/WARN]: Unable to play unknown soundEvent: minecraft:step.stone
[14:20:32] [Client thread/INFO]: 30
[14:20:32] [Client thread/WARN]: Unable to play unknown soundEvent: minecraft:liquid.lavapop
[14:20:34] [Client thread/INFO]: 31
[14:20:34] [Client thread/INFO]: 57
[14:20:34] [Client thread/INFO]: 57
[14:20:35] [Client thread/INFO]: 57
[14:20:35] [Client thread/INFO]: 31
[14:20:35] [Client thread/INFO]: 57
[14:20:35] [Client thread/WARN]: Unable to play unknown soundEvent: minecraft:step.gravel
[14:20:35] [Client thread/WARN]: Unable to play unknown soundEvent: minecraft:liquid.lava
[14:20:35] [Client thread/INFO]: 17
[14:20:36] [Client thread/INFO]: 17
[14:20:36] [Client thread/INFO]: 57
[14:20:36] [Client thread/INFO]: 57
[14:20:36] [Client thread/WARN]: Unable to play unknown soundEvent: minecraft:step.stone
[14:20:36] [Client thread/INFO]: 17
[14:20:36] [Client thread/WARN]: Unable to play unknown soundEvent: minecraft:step.stone
[14:20:37] [Client thread/INFO]: 57
[14:20:37] [Client thread/INFO]: 57
[14:20:37] [Client thread/INFO]: 57
[14:20:37] [Client thread/INFO]: 17
[14:20:37] [Client thread/INFO]: 57
[14:20:37] [Client thread/INFO]: 42
[14:20:38] [Client thread/INFO]: 42
[14:20:38] [Client thread/INFO]: 31
[14:20:38] [Client thread/INFO]: 42
[14:20:38] [Client thread/INFO]: 31
[14:20:38] [Client thread/WARN]: Unable to play unknown soundEvent: minecraft:liquid.lavapop
[14:20:39] [Client thread/INFO]: 42
[14:20:39] [Client thread/INFO]: 17
[14:20:39] [Client thread/INFO]: 17
[14:20:39] [Client thread/INFO]: 42
[14:20:41] [Client thread/INFO]: 42
[14:20:43] [Client thread/INFO]: 17
[14:20:43] [Client thread/WARN]: Unable to play unknown soundEvent: minecraft:step.stone
[14:20:43] [Client thread/WARN]: Unable to play unknown soundEvent: minecraft:step.stone
[14:20:43] [Client thread/INFO]: 57
[14:20:43] [Client thread/INFO]: 57
[14:20:43] [Client thread/INFO]: 57
[14:20:44] [Client thread/INFO]: 17
[14:20:44] [Client thread/INFO]: 57
[14:20:44] [Client thread/WARN]: Unable to play unknown soundEvent: minecraft:liquid.lavapop
[14:20:44] [Client thread/INFO]: 57
[14:20:44] [Client thread/INFO]: 57
[14:20:45] [Client thread/INFO]: 57
[14:20:45] [Client thread/INFO]: 32
[14:20:45] [Client thread/INFO]: 57
[14:20:45] [Client thread/INFO]: 32
[14:20:45] [Client thread/INFO]: 17
[14:20:45] [Client thread/INFO]: 17
[14:20:45] [Client thread/INFO]: 17
[14:20:45] [Client thread/WARN]: Unable to play unknown soundEvent: minecraft:step.grass
[14:20:46] [Client thread/INFO]: 57
[14:20:47] [Client thread/INFO]: 57
[14:20:47] [Client thread/INFO]: 57
[14:20:47] [Client thread/INFO]: 57
[14:20:47] [Client thread/INFO]: 17
[14:20:47] [Client thread/INFO]: 31
[14:20:48] [Client thread/INFO]: 57
[14:20:48] [Client thread/INFO]: 31
[14:20:48] [Client thread/INFO]: 57
[14:20:48] [Client thread/INFO]: 57
[14:20:48] [Client thread/INFO]: 57
[14:20:48] [Client thread/INFO]: 57
[14:20:49] [Client thread/INFO]: 57
[14:20:49] [Client thread/WARN]: Unable to play unknown soundEvent: minecraft:step.grass
[14:20:49] [Client thread/INFO]: 17
[14:20:49] [Client thread/INFO]: 17
[14:20:49] [Client thread/INFO]: 17
[14:20:49] [Client thread/WARN]: Unable to play unknown soundEvent: minecraft:step.grass
[14:20:50] [Client thread/WARN]: Unable to play unknown soundEvent: minecraft:step.grass
[14:20:50] [Client thread/WARN]: Unable to play unknown soundEvent: minecraft:step.grass
[14:20:50] [Client thread/WARN]: Unable to play unknown soundEvent: minecraft:step.gravel
[14:20:51] [Client thread/INFO]: 57
[14:20:51] [Client thread/INFO]: 57
[14:20:51] [Client thread/INFO]: 57
[14:20:54] [Client thread/WARN]: Unable to play unknown soundEvent: minecraft:liquid.lava
[14:20:57] [Client thread/WARN]: Unable to play unknown soundEvent: minecraft:liquid.lava
[14:20:58] [Client thread/WARN]: Unable to play unknown soundEvent: minecraft:liquid.lavapop
[14:20:59] [Client thread/INFO]: 57
[14:21:00] [Client thread/WARN]: Unable to play unknown soundEvent: minecraft:step.grass
[14:21:00] [Client thread/INFO]: 30
[14:21:00] [Client thread/INFO]: 30
[14:21:01] [Client thread/INFO]: 57
[14:21:01] [Client thread/WARN]: Unable to play unknown soundEvent: minecraft:step.grass
[14:21:01] [Client thread/INFO]: 17
[14:21:01] [Client thread/INFO]: 32
[14:21:01] [Client thread/WARN]: Unable to play unknown soundEvent: minecraft:step.grass
[14:21:01] [Client thread/INFO]: 17
[14:21:02] [Client thread/INFO]: 57
[14:21:02] [Client thread/INFO]: 42
[14:21:02] [Client thread/INFO]: 32
[14:21:03] [Client thread/INFO]: 42
[14:21:03] [Client thread/INFO]: 17
[14:21:03] [Client thread/WARN]: Unable to play unknown soundEvent: minecraft:liquid.lavapop
[14:21:03] [Client thread/INFO]: 32
[14:21:03] [Client thread/INFO]: 42
[14:21:03] [Client thread/INFO]: 32
[14:21:04] [Client thread/INFO]: 30
[14:21:04] [Client thread/INFO]: 30
[14:21:04] [Client thread/INFO]: 30
[14:21:04] [Client thread/INFO]: 30
[14:21:04] [Client thread/INFO]: 42
[14:21:04] [Client thread/INFO]: 30
[14:21:04] [Client thread/INFO]: 30
[14:21:05] [Client thread/INFO]: 42
[14:21:05] [Client thread/INFO]: 42
[14:21:05] [Client thread/INFO]: 17
[14:21:06] [Client thread/INFO]: 17
[14:21:06] [Client thread/INFO]: 42
[14:21:06] [Client thread/INFO]: 42
[14:21:07] [Client thread/INFO]: 17
[14:21:07] [Client thread/INFO]: 17
[14:21:07] [Client thread/INFO]: 57
[14:21:07] [Client thread/INFO]: 57
[14:21:08] [Client thread/INFO]: 42
[14:21:08] [Client thread/INFO]: 42
[14:21:09] [Client thread/INFO]: 42
[14:21:09] [Client thread/INFO]: 42
[14:21:09] [Client thread/INFO]: 42
[14:21:09] [Client thread/INFO]: 42
[14:21:09] [Client thread/INFO]: 57
[14:21:10] [Client thread/INFO]: 57
[14:21:10] [Client thread/INFO]: 31
[14:21:10] [Client thread/INFO]: 31
[14:21:11] [Client thread/INFO]: 57
[14:21:11] [Client thread/INFO]: 57
[14:21:11] [Client thread/INFO]: 57
[14:21:11] [Client thread/INFO]: 57
[14:21:11] [Client thread/WARN]: Unable to play unknown soundEvent: minecraft:step.grass
[14:21:12] [Client thread/INFO]: 57
[14:21:12] [Client thread/INFO]: 57
[14:21:12] [Client thread/WARN]: Unable to play unknown soundEvent: minecraft:step.grass
[14:21:12] [Client thread/INFO]: 42
[14:21:12] [Client thread/INFO]: 42
[14:21:13] [Client thread/WARN]: Unable to play unknown soundEvent: minecraft:step.grass
[14:21:13] [Client thread/INFO]: 42
[14:21:13] [Client thread/WARN]: Unable to play unknown soundEvent: minecraft:step.grass
[14:21:13] [Client thread/INFO]: 42
[14:21:14] [Client thread/INFO]: 42
[14:21:14] [Client thread/INFO]: 42
[14:21:14] [Client thread/INFO]: 17
[14:21:15] [Client thread/INFO]: 17
[14:21:15] [Client thread/INFO]: 57
[14:21:15] [Client thread/INFO]: 57
[14:21:15] [Client thread/INFO]: 57
[14:21:17] [Client thread/INFO]: 57
[14:21:17] [Client thread/INFO]: 42
[14:21:17] [Client thread/WARN]: Unable to play unknown soundEvent: minecraft:liquid.lava
[14:21:19] [Client thread/INFO]: 42
[14:21:20] [Client thread/INFO]: 42
[14:21:20] [Client thread/INFO]: 42
[14:21:21] [Client thread/INFO]: 42
[14:21:21] [Client thread/INFO]: 42
[14:21:22] [Client thread/INFO]: 42
[14:21:22] [Client thread/INFO]: 42
[14:21:22] [Client thread/WARN]: Unable to play unknown soundEvent: minecraft:music.game.creative
[14:21:22] [Client thread/INFO]: 42
[14:21:23] [Client thread/INFO]: 42
[14:21:23] [Client thread/INFO]: 42
[14:21:24] [Client thread/INFO]: 42
[14:21:26] [Client thread/INFO]: 42
[14:21:30] [Client thread/WARN]: Unable to play unknown soundEvent: minecraft:game.player.hurt
[14:21:30] [Client thread/INFO]: 42
[14:21:30] [Client thread/WARN]: Unable to play unknown soundEvent: minecraft:game.player.hurt
[14:21:30] [Client thread/INFO]: 57
[14:21:31] [Client thread/WARN]: Unable to play unknown soundEvent: minecraft:game.player.hurt
[14:21:31] [Client thread/INFO]: 57
[14:21:31] [Client thread/INFO]: 57
[14:21:31] [Client thread/INFO]: 42
[14:21:31] [Client thread/INFO]: 57
[14:21:31] [Client thread/INFO]: 57
[14:21:31] [Client thread/INFO]: 42
[14:21:31] [Client thread/WARN]: Unable to play unknown soundEvent: minecraft:game.player.hurt
[14:21:32] [Server thread/INFO]: __DayTrip__ fell out of the world
[14:21:32] [Client thread/WARN]: Unable to play unknown soundEvent: minecraft:game.player.hurt
[14:21:32] [Client thread/INFO]: [CHAT] __DayTrip__ fell out of the world
[14:21:33] [Client thread/WARN]: Unable to play unknown soundEvent: minecraft:gui.button.press
[14:21:34] [Client thread/INFO]: 57
[14:21:34] [Client thread/INFO]: 57
[14:21:34] [Client thread/INFO]: 57
[14:21:35] [Client thread/INFO]: 29
[14:21:35] [Client thread/INFO]: 17
[14:21:36] [Client thread/INFO]: 42
[14:21:36] [Client thread/INFO]: 42
[14:21:37] [Client thread/INFO]: 57
[14:21:37] [Client thread/INFO]: 42
[14:21:38] [Client thread/INFO]: 42
[14:21:38] [Client thread/INFO]: 29
[14:21:38] [Client thread/INFO]: 17
[14:21:38] [Client thread/INFO]: 1
[14:21:38] [Server thread/INFO]: Saving and pausing game...
[14:21:38] [Server thread/INFO]: Saving chunks for level 'surperflat'/Overworld
[14:21:38] [Server thread/INFO]: Saving chunks for level 'surperflat'/Nether
[14:21:38] [Server thread/INFO]: Saving chunks for level 'surperflat'/The End
[14:21:39] [Client thread/WARN]: Unable to play unknown soundEvent: minecraft:gui.button.press
[14:21:40] [Server thread/INFO]: Stopping server
[14:21:40] [Server thread/INFO]: Saving players
[14:21:40] [Server thread/INFO]: Saving worlds
[14:21:40] [Server thread/INFO]: Saving chunks for level 'surperflat'/Overworld
[14:21:40] [Server thread/INFO]: Saving chunks for level 'surperflat'/Nether
[14:21:40] [Server thread/INFO]: Saving chunks for level 'surperflat'/The End
[14:21:41] [Client thread/WARN]: Unable to play unknown soundEvent: minecraft:gui.button.press
[14:21:41] [Client thread/INFO]: Stopping!
[14:21:41] [Client thread/INFO]: SoundSystem shutting down...
[14:21:41] [Client thread/WARN]: Author: Paul Lamb, www.paulscode.com
